e:\strategy\strategy\strategy\release\vc120.pdb
e:\strategy\strategy\strategy\release\world.obj
e:\strategy\strategy\strategy\release\unit.obj
e:\strategy\strategy\strategy\release\titlestate.obj
e:\strategy\strategy\strategy\release\statestack.obj
e:\strategy\strategy\strategy\release\state.obj
e:\strategy\strategy\strategy\release\projectile.obj
e:\strategy\strategy\strategy\release\player.obj
e:\strategy\strategy\strategy\release\multiplayergamestate.obj
e:\strategy\strategy\strategy\release\menustate.obj
e:\strategy\strategy\strategy\release\map.obj
e:\strategy\strategy\strategy\release\main.obj
e:\strategy\strategy\strategy\release\gameserver.obj
e:\strategy\strategy\strategy\release\button.obj
e:\strategy\strategy\strategy\release\basicunit.obj
e:\strategy\strategy\strategy\release\basebuilding.obj
e:\strategy\strategy\strategy\release\application.obj
e:\strategy\strategy\release\strategy.exe
e:\strategy\strategy\release\strategy.pdb
e:\strategy\strategy\strategy\release\strategy.tlog\cl.command.1.tlog
e:\strategy\strategy\strategy\release\strategy.tlog\cl.read.1.tlog
e:\strategy\strategy\strategy\release\strategy.tlog\cl.write.1.tlog
e:\strategy\strategy\strategy\release\strategy.tlog\link.command.1.tlog
e:\strategy\strategy\strategy\release\strategy.tlog\link.read.1.tlog
e:\strategy\strategy\strategy\release\strategy.tlog\link.write.1.tlog
