Сборка начата 29/07/2015 17:54:27.
     1>Проект "E:\strategy\strategy\strategy\strategy.vcxproj" в узле 2 (целевые объекты Rebuild).
     1>ClCompile:
         E:\ProgramFiles\Microsoft Visual Studio 12.0\VC\bin\CL.exe /c /I"E:\strategy\strategy\strategy\\SFML-2.3.1\include" /Zi /nologo /W3 /WX- /sdl /O2 /Oi /Oy- /GL /D WIN32 /D SFML_STATIC /D NDEBUG /D _CONSOLE /D _LIB /D _UNICODE /D UNICODE /Gm- /EHsc /MD /GS /Gy /fp:precise /Zc:wchar_t /Zc:forScope /Fo"Release\\" /Fd"Release\vc120.pdb" /Gd /TP /analyze- /errorReport:prompt source\Application.cpp source\BaseBuilding.cpp source\BasicUnit.cpp source\Button.cpp source\GameServer.cpp source\main.cpp source\Map.cpp source\MenuState.cpp source\MultiplayerGameState.cpp source\Player.cpp source\Projectile.cpp source\State.cpp source\StateStack.cpp source\TitleState.cpp source\Unit.cpp source\World.cpp
         Application.cpp
         BaseBuilding.cpp
         BasicUnit.cpp
         Button.cpp
         GameServer.cpp
         main.cpp
         Map.cpp
         MenuState.cpp
         MultiplayerGameState.cpp
         Player.cpp
         Projectile.cpp
         State.cpp
         StateStack.cpp
         TitleState.cpp
         Unit.cpp
         World.cpp
       Link:
         E:\ProgramFiles\Microsoft Visual Studio 12.0\VC\bin\link.exe /ERRORREPORT:PROMPT /OUT:"E:\strategy\strategy\Release\strategy.exe" /INCREMENTAL:NO /NOLOGO /LIBPATH:"E:\strategy\strategy\strategy\\SFML-2.3.1\lib" winmm.lib ws2_32.lib ogg.lib vorbis.lib vorbisfile.lib vorbisenc.lib flac.lib openal32.lib gdi32.lib opengl32.lib jpeg.lib freetype.lib "sfml-network-s.lib" "sfml-graphics-s.lib" "sfml-window-s.lib" "sfml-system-s.lib" "sfml-audio-s.lib" "sfml-main.lib" kernel32.lib user32.lib gdi32.lib winspool.lib comdlg32.lib advapi32.lib shell32.lib ole32.lib oleaut32.lib uuid.lib odbc32.lib odbccp32.lib /MANIFEST /MANIFESTUAC:"level='asInvoker' uiAccess='false'" /manifest:embed /DEBUG /PDB:"E:\strategy\strategy\Release\strategy.pdb" /SUBSYSTEM:CONSOLE /OPT:REF /OPT:ICF /LTCG /TLBID:1 /DYNAMICBASE /NXCOMPAT /IMPLIB:"E:\strategy\strategy\Release\strategy.lib" /MACHINE:X86 /SAFESEH Release\Application.obj
         Release\BaseBuilding.obj
         Release\BasicUnit.obj
         Release\Button.obj
         Release\GameServer.obj
         Release\main.obj
         Release\Map.obj
         Release\MenuState.obj
         Release\MultiplayerGameState.obj
         Release\Player.obj
         Release\Projectile.obj
         Release\State.obj
         Release\StateStack.obj
         Release\TitleState.obj
         Release\Unit.obj
         Release\World.obj
         Создание кода
         Создание кода завершено
         strategy.vcxproj -> E:\strategy\strategy\Release\strategy.exe
     1>Сборка проекта "E:\strategy\strategy\strategy\strategy.vcxproj" завершена (целевые объекты Rebuild).

Сборка успешно завершена.

Затраченное время: 00:00:21.20
