Сборка начата 29/07/2015 17:51:35.
     1>Проект "E:\strategy\strategy\strategy\strategy.vcxproj" в узле 2 (целевые объекты Build).
     1>ClCompile:
         E:\ProgramFiles\Microsoft Visual Studio 12.0\VC\bin\CL.exe /c /I"E:\strategy\strategy\strategy\\SFML-2.3.1\include" /ZI /nologo /W3 /WX- /sdl /Od /Oy- /D WIN32 /D SFML_STATIC /D _DEBUG /D _CONSOLE /D _LIB /D _UNICODE /D UNICODE /Gm /EHsc /RTC1 /MDd /GS /fp:precise /Zc:wchar_t /Zc:forScope /Fo"Debug\\" /Fd"Debug\vc120.pdb" /Gd /TP /analyze- /errorReport:prompt source\Application.cpp
         Application.cpp
       Link:
         E:\ProgramFiles\Microsoft Visual Studio 12.0\VC\bin\link.exe /ERRORREPORT:PROMPT /OUT:"E:\strategy\strategy\Debug\strategy.exe" /INCREMENTAL /NOLOGO /LIBPATH:"E:\strategy\strategy\strategy\\SFML-2.3.1\lib" "sfml-network-s-d.lib" "sfml-graphics-s-d.lib" "sfml-window-s-d.lib" "sfml-system-s-d.lib" "sfml-audio-s-d.lib" "sfml-main-d.lib" kernel32.lib user32.lib gdi32.lib winspool.lib comdlg32.lib advapi32.lib shell32.lib ole32.lib oleaut32.lib uuid.lib odbc32.lib odbccp32.lib winmm.lib ws2_32.lib ogg.lib vorbis.lib vorbisfile.lib vorbisenc.lib flac.lib openal32.lib gdi32.lib opengl32.lib jpeg.lib freetype.lib /MANIFEST /MANIFESTUAC:"level='asInvoker' uiAccess='false'" /manifest:embed /DEBUG /PDB:"E:\strategy\strategy\Debug\strategy.pdb" /SUBSYSTEM:CONSOLE /TLBID:1 /DYNAMICBASE /NXCOMPAT /IMPLIB:"E:\strategy\strategy\Debug\strategy.lib" /MACHINE:X86 Debug\Application.obj
         Debug\BaseBuilding.obj
         Debug\BasicUnit.obj
         Debug\Button.obj
         Debug\GameServer.obj
         Debug\main.obj
         Debug\Map.obj
         Debug\MenuState.obj
         Debug\MultiplayerGameState.obj
         Debug\Player.obj
         Debug\Projectile.obj
         Debug\State.obj
         Debug\StateStack.obj
         Debug\TitleState.obj
         Debug\Unit.obj
         Debug\World.obj
         strategy.vcxproj -> E:\strategy\strategy\Debug\strategy.exe
     1>Сборка проекта "E:\strategy\strategy\strategy\strategy.vcxproj" завершена (целевые объекты Build).

Сборка успешно завершена.

Затраченное время: 00:00:02.71
