e:\strategy\strategy\strategy\debug\vc120.pdb
e:\strategy\strategy\strategy\debug\vc120.idb
e:\strategy\strategy\strategy\debug\application.obj
e:\strategy\strategy\strategy\debug\basebuilding.obj
e:\strategy\strategy\strategy\debug\basicunit.obj
e:\strategy\strategy\strategy\debug\button.obj
e:\strategy\strategy\strategy\debug\gameserver.obj
e:\strategy\strategy\strategy\debug\main.obj
e:\strategy\strategy\strategy\debug\map.obj
e:\strategy\strategy\strategy\debug\menustate.obj
e:\strategy\strategy\strategy\debug\multiplayergamestate.obj
e:\strategy\strategy\strategy\debug\player.obj
e:\strategy\strategy\strategy\debug\projectile.obj
e:\strategy\strategy\strategy\debug\state.obj
e:\strategy\strategy\strategy\debug\statestack.obj
e:\strategy\strategy\strategy\debug\titlestate.obj
e:\strategy\strategy\strategy\debug\unit.obj
e:\strategy\strategy\strategy\debug\world.obj
e:\strategy\strategy\debug\strategy.pdb
e:\strategy\strategy\strategy\debug\strategy.tlog\cl.command.1.tlog
e:\strategy\strategy\strategy\debug\strategy.tlog\cl.read.1.tlog
e:\strategy\strategy\strategy\debug\strategy.tlog\cl.write.1.tlog
e:\strategy\strategy\strategy\debug\strategy.tlog\link-cvtres.read.1.tlog
e:\strategy\strategy\strategy\debug\strategy.tlog\link-cvtres.write.1.tlog
e:\strategy\strategy\strategy\debug\strategy.tlog\link-rc.read.1.tlog
e:\strategy\strategy\strategy\debug\strategy.tlog\link-rc.write.1.tlog
e:\strategy\strategy\strategy\debug\strategy.tlog\link.command.1.tlog
e:\strategy\strategy\strategy\debug\strategy.tlog\link.read.1.tlog
e:\strategy\strategy\strategy\debug\strategy.tlog\link.write.1.tlog
